Removed Pin From Net: NetName=GND Pin=M1-6
Removed Pin From Net: NetName=GND Pin=M1-8
Removed Pin From Net: NetName=GND Pin=M1-9
Removed Pin From Net: NetName=GND Pin=M1-12
Removed Pin From Net: NetName=+5 Pin=Q1-2
Removed Pin From Net: NetName=GND Pin=Q1-3
Removed Pin From Net: NetName=+5 Pin=Q2-2
Removed Pin From Net: NetName=GND Pin=Q2-3
Removed Pin From Net: NetName=+5 Pin=Q3-2
Removed Pin From Net: NetName=GND Pin=Q3-3
Removed Pin From Net: NetName=+5 Pin=Q4-2
Removed Pin From Net: NetName=GND Pin=Q4-3
Removed Pin From Net: NetName=SEG6 Pin=R21-1
Removed Pin From Net: NetName=SEG5 Pin=R22-1
Removed Pin From Net: NetName=SEG4 Pin=R23-1
Removed Pin From Net: NetName=SEG3 Pin=R24-1
Removed Pin From Net: NetName=SEG2 Pin=R25-1
Removed Pin From Net: NetName=SEG1 Pin=R26-1
Removed Pin From Net: NetName=SEG0 Pin=R27-1
Removed Member From Class: ClassName=SCH_TrafficLight Member=Q1
Removed Member From Class: ClassName=SCH_TrafficLight Member=Q2
Removed Member From Class: ClassName=SCH_TrafficLight Member=Q3
Removed Member From Class: ClassName=SCH_TrafficLight Member=Q4
Removed Member From Class: ClassName=SCH_TrafficLight Member=R1
Removed Member From Class: ClassName=SCH_TrafficLight Member=R2
Removed Member From Class: ClassName=SCH_TrafficLight Member=R3
Removed Member From Class: ClassName=SCH_TrafficLight Member=R4
Added Component: Designator=D13(LED/7SEG/0.56)
Add component. Clean all parameters for all variants
Add component (AddParameter): Name = "BRAND"; Value = ""; VariantName = "[No Variations]"
Add component (AddParameter): Name = "PACKAGE"; Value = ""; VariantName = "[No Variations]"
Add component (AddParameter): Name = "PART NO"; Value = ""; VariantName = "[No Variations]"
Add component (AddParameter): Name = "STOCK CODE"; Value = ""; VariantName = "[No Variations]"
Add component (AddParameter): Name = "SUPPLIER"; Value = ""; VariantName = "[No Variations]"
Add component (AddParameter): Name = "TYPE"; Value = ""; VariantName = "[No Variations]"
Added Pin To Net: NetName=+5 Pin=D13-3
Added Pin To Net: NetName=+5 Pin=D13-8
Added Pin To Net: NetName=SEG6 Pin=R21-2
Added Pin To Net: NetName=SEG5 Pin=R22-2
Added Pin To Net: NetName=SEG4 Pin=R23-2
Added Pin To Net: NetName=SEG3 Pin=R24-2
Added Pin To Net: NetName=SEG2 Pin=R25-2
Added Pin To Net: NetName=SEG1 Pin=R26-2
Added Pin To Net: NetName=SEG0 Pin=R27-2
Added Pin To Net: NetName=NetD13_1 Pin=D13-1
Added Pin To Net: NetName=NetD13_1 Pin=R23-1
Added Net: Name=NetD13_1
Added Pin To Net: NetName=NetD13_2 Pin=D13-2
Added Pin To Net: NetName=NetD13_2 Pin=R24-1
Added Net: Name=NetD13_2
Added Pin To Net: NetName=NetD13_4 Pin=D13-4
Added Pin To Net: NetName=NetD13_4 Pin=R25-1
Added Net: Name=NetD13_4
Added Pin To Net: NetName=NetD13_6 Pin=D13-6
Added Pin To Net: NetName=NetD13_6 Pin=R26-1
Added Net: Name=NetD13_6
Added Pin To Net: NetName=NetD13_7 Pin=D13-7
Added Pin To Net: NetName=NetD13_7 Pin=R27-1
Added Net: Name=NetD13_7
Added Pin To Net: NetName=NetD13_9 Pin=D13-9
Added Pin To Net: NetName=NetD13_9 Pin=R22-1
Added Net: Name=NetD13_9
Added Pin To Net: NetName=NetD13_10 Pin=D13-10
Added Pin To Net: NetName=NetD13_10 Pin=R21-1
Added Net: Name=NetD13_10
Added Member To Class: ClassName=SCH_TrafficLight Member=Component D13 SM410563N
