Removed Pin From Net: NetName=GND Pin=M1-6
Removed Pin From Net: NetName=GND Pin=M1-8
Removed Pin From Net: NetName=GND Pin=M1-9
Removed Pin From Net: NetName=GND Pin=M1-12
Removed Pin From Net: NetName=+5 Pin=Q5-2
Removed Pin From Net: NetName=GND Pin=Q5-3
Removed Pin From Net: NetName=BIT0 Pin=R49-1
Removed Pin From Net: NetName=EN1 Pin=R50-2
Removed Pin From Net: NetName=BIT1 Pin=R51-1
Removed Pin From Net: NetName=BIT2 Pin=R52-1
Removed Pin From Net: NetName=BIT3 Pin=R53-1
Removed Pin From Net: NetName=BIT4 Pin=R54-1
Removed Pin From Net: NetName=BIT5 Pin=R55-1
Removed Pin From Net: NetName=BIT6 Pin=R56-1
Removed Member From Class: ClassName=SCH_TrafficLight Member=M1
Removed Member From Class: ClassName=SCH_TrafficLight Member=Q5
Removed Member From Class: ClassName=SCH_TrafficLight Member=R49
Removed Member From Class: ClassName=SCH_TrafficLight Member=R50
Removed Member From Class: ClassName=SCH_TrafficLight Member=R51
Removed Member From Class: ClassName=SCH_TrafficLight Member=R52
Removed Member From Class: ClassName=SCH_TrafficLight Member=R53
Removed Member From Class: ClassName=SCH_TrafficLight Member=R54
Removed Member From Class: ClassName=SCH_TrafficLight Member=R55
Removed Member From Class: ClassName=SCH_TrafficLight Member=R56
