Removed Pin From Net: NetName=GND Pin=D13-3
Removed Pin From Net: NetName=GND Pin=D13-8
Removed Pin From Net: NetName=GND Pin=D14-3
Removed Pin From Net: NetName=GND Pin=D14-5
Removed Pin From Net: NetName=GND Pin=D14-8
Removed Pin From Net: NetName=GND Pin=D15-3
Removed Pin From Net: NetName=GND Pin=D15-8
Removed Pin From Net: NetName=GND Pin=D16-3
Removed Pin From Net: NetName=GND Pin=D16-8
Removed Pin From Net: NetName=SEG0 Pin=R21-2
Removed Pin From Net: NetName=SEG0 Pin=R22-2
Removed Pin From Net: NetName=SEG0 Pin=R23-2
Removed Pin From Net: NetName=SEG0 Pin=R24-2
Removed Pin From Net: NetName=SEG1 Pin=R25-2
Removed Pin From Net: NetName=SEG1 Pin=R26-2
Removed Pin From Net: NetName=SEG1 Pin=R27-2
Removed Pin From Net: NetName=SEG1 Pin=R28-2
Removed Pin From Net: NetName=SEG2 Pin=R29-2
Removed Pin From Net: NetName=SEG2 Pin=R30-2
Removed Pin From Net: NetName=SEG2 Pin=R31-2
Removed Pin From Net: NetName=SEG2 Pin=R32-2
Removed Pin From Net: NetName=SEG3 Pin=R33-2
Removed Pin From Net: NetName=SEG3 Pin=R34-2
Removed Pin From Net: NetName=SEG3 Pin=R35-2
Removed Pin From Net: NetName=SEG3 Pin=R36-2
Removed Pin From Net: NetName=SEG4 Pin=R37-2
Removed Pin From Net: NetName=SEG4 Pin=R38-2
Removed Pin From Net: NetName=SEG4 Pin=R39-2
Removed Pin From Net: NetName=SEG4 Pin=R40-2
Removed Pin From Net: NetName=SEG5 Pin=R41-2
Removed Pin From Net: NetName=SEG5 Pin=R42-2
Removed Pin From Net: NetName=SEG5 Pin=R43-2
Removed Pin From Net: NetName=SEG5 Pin=R44-2
Removed Pin From Net: NetName=SEG6 Pin=R45-2
Removed Pin From Net: NetName=SEG6 Pin=R46-2
Removed Pin From Net: NetName=SEG6 Pin=R47-2
Removed Pin From Net: NetName=SEG6 Pin=R48-2
Removed Member From Class: ClassName=SCH_TrafficLight Member=D13
Removed Member From Class: ClassName=SCH_TrafficLight Member=D14
Removed Member From Class: ClassName=SCH_TrafficLight Member=D15
Removed Member From Class: ClassName=SCH_TrafficLight Member=D16
Removed Member From Class: ClassName=SCH_TrafficLight Member=R28
Removed Member From Class: ClassName=SCH_TrafficLight Member=R29
Removed Member From Class: ClassName=SCH_TrafficLight Member=R30
Removed Member From Class: ClassName=SCH_TrafficLight Member=R31
Removed Member From Class: ClassName=SCH_TrafficLight Member=R32
Removed Member From Class: ClassName=SCH_TrafficLight Member=R33
Removed Member From Class: ClassName=SCH_TrafficLight Member=R34
Removed Member From Class: ClassName=SCH_TrafficLight Member=R35
Removed Member From Class: ClassName=SCH_TrafficLight Member=R36
Removed Member From Class: ClassName=SCH_TrafficLight Member=R37
Removed Member From Class: ClassName=SCH_TrafficLight Member=R38
Removed Member From Class: ClassName=SCH_TrafficLight Member=R39
Removed Member From Class: ClassName=SCH_TrafficLight Member=R40
Removed Member From Class: ClassName=SCH_TrafficLight Member=R41
Removed Member From Class: ClassName=SCH_TrafficLight Member=R42
Removed Member From Class: ClassName=SCH_TrafficLight Member=R43
Removed Member From Class: ClassName=SCH_TrafficLight Member=R44
Removed Member From Class: ClassName=SCH_TrafficLight Member=R45
Removed Member From Class: ClassName=SCH_TrafficLight Member=R46
Removed Member From Class: ClassName=SCH_TrafficLight Member=R47
Removed Member From Class: ClassName=SCH_TrafficLight Member=R48
Added Component: Designator=M1(LED/7SEG/0.56/QUAD)
Add component. Clean all parameters for all variants
Add component (AddParameter): Name = "BRAND"; Value = ""; VariantName = "[No Variations]"
Add component (AddParameter): Name = "PACKAGE"; Value = ""; VariantName = "[No Variations]"
Add component (AddParameter): Name = "PART NO"; Value = ""; VariantName = "[No Variations]"
Add component (AddParameter): Name = "STOCK CODE"; Value = ""; VariantName = "[No Variations]"
Add component (AddParameter): Name = "SUPPLIER"; Value = ""; VariantName = "[No Variations]"
Add component (AddParameter): Name = "TYPE"; Value = ""; VariantName = "[No Variations]"
Added Pin To Net: NetName=GND Pin=M1-6
Added Pin To Net: NetName=GND Pin=M1-8
Added Pin To Net: NetName=GND Pin=M1-9
Added Pin To Net: NetName=GND Pin=M1-12
Added Pin To Net: NetName=SEG6 Pin=R21-1
Added Pin To Net: NetName=SEG5 Pin=R22-1
Added Pin To Net: NetName=SEG4 Pin=R23-1
Added Pin To Net: NetName=SEG3 Pin=R24-1
Added Pin To Net: NetName=SEG2 Pin=R25-1
Added Pin To Net: NetName=SEG1 Pin=R26-1
Added Pin To Net: NetName=SEG0 Pin=R27-1
Added Pin To Net: NetName=NetM1_1 Pin=M1-1
Added Pin To Net: NetName=NetM1_1 Pin=R23-2
Added Net: Name=NetM1_1
Added Pin To Net: NetName=NetM1_2 Pin=M1-2
Added Pin To Net: NetName=NetM1_2 Pin=R24-2
Added Net: Name=NetM1_2
Added Pin To Net: NetName=NetM1_4 Pin=M1-4
Added Pin To Net: NetName=NetM1_4 Pin=R25-2
Added Net: Name=NetM1_4
Added Pin To Net: NetName=NetM1_5 Pin=M1-5
Added Pin To Net: NetName=NetM1_5 Pin=R21-2
Added Net: Name=NetM1_5
Added Pin To Net: NetName=NetM1_7 Pin=M1-7
Added Pin To Net: NetName=NetM1_7 Pin=R26-2
Added Net: Name=NetM1_7
Added Pin To Net: NetName=NetM1_10 Pin=M1-10
Added Pin To Net: NetName=NetM1_10 Pin=R22-2
Added Net: Name=NetM1_10
Added Pin To Net: NetName=NetM1_11 Pin=M1-11
Added Pin To Net: NetName=NetM1_11 Pin=R27-2
Added Net: Name=NetM1_11
Added Member To Class: ClassName=SCH_TrafficLight Member=Component M1 LED 7-SEG QUAD
