Removed Pin From Net: NetName=GND Pin=SW3-1
Removed Pin From Net: NetName=GND Pin=SW3-2
Removed Pin From Net: NetName=GND Pin=SW3-2
Removed Pin From Net: NetName=BUTTON3 Pin=SW3-3
Removed Pin From Net: NetName=BUTTON3 Pin=SW3-3
Removed Pin From Net: NetName=BUTTON3 Pin=SW3-4
Removed Pin From Net: NetName=GND Pin=SW4-1
Removed Pin From Net: NetName=GND Pin=SW4-2
Removed Pin From Net: NetName=GND Pin=SW4-2
Removed Pin From Net: NetName=BUTTON4 Pin=SW4-3
Removed Pin From Net: NetName=BUTTON4 Pin=SW4-3
Removed Pin From Net: NetName=BUTTON4 Pin=SW4-4
Removed Member From Class: ClassName=SCH_TrafficLight Member=SW3
Removed Member From Class: ClassName=SCH_TrafficLight Member=SW4
Added Component: Designator=SW5(SW/4/06MM-2)
Add component. Clean all parameters for all variants
Add component (AddParameter): Name = "BRAND"; Value = ""; VariantName = "[No Variations]"
Add component (AddParameter): Name = "PACKAGE"; Value = ""; VariantName = "[No Variations]"
Add component (AddParameter): Name = "PART NO"; Value = ""; VariantName = "[No Variations]"
Add component (AddParameter): Name = "STOCK CODE"; Value = ""; VariantName = "[No Variations]"
Add component (AddParameter): Name = "SUPPLIER"; Value = ""; VariantName = "[No Variations]"
Add component (AddParameter): Name = "TYPE"; Value = ""; VariantName = "[No Variations]"
Added Component: Designator=SW6(SW/4/06MM)
Add component. Clean all parameters for all variants
Add component (AddParameter): Name = "BRAND"; Value = ""; VariantName = "[No Variations]"
Add component (AddParameter): Name = "PACKAGE"; Value = ""; VariantName = "[No Variations]"
Add component (AddParameter): Name = "PART NO"; Value = ""; VariantName = "[No Variations]"
Add component (AddParameter): Name = "STOCK CODE"; Value = ""; VariantName = "[No Variations]"
Add component (AddParameter): Name = "SUPPLIER"; Value = ""; VariantName = "[No Variations]"
Add component (AddParameter): Name = "TYPE"; Value = ""; VariantName = "[No Variations]"
Added Pin To Net: NetName=GND Pin=SW5-1
Added Pin To Net: NetName=GND Pin=SW5-2
Added Pin To Net: NetName=GND Pin=SW5-2
Added Pin To Net: NetName=BUTTON3 Pin=SW5-3
Added Pin To Net: NetName=BUTTON3 Pin=SW5-3
Added Pin To Net: NetName=BUTTON3 Pin=SW5-4
Added Pin To Net: NetName=GND Pin=SW6-1
Added Pin To Net: NetName=GND Pin=SW6-2
Added Pin To Net: NetName=BUTTON4 Pin=SW6-3
Added Pin To Net: NetName=BUTTON4 Pin=SW6-4
Added Member To Class: ClassName=SCH_TrafficLight Member=Component SW5 Button
Added Member To Class: ClassName=SCH_TrafficLight Member=Component SW6 Button
